=== Test Reports
FORMAT  FILE
──────  ──────────────────────────────────────────────────────────────────────────────────────────────────────────────────────
txt     /home/henrique/Documentos/GitHub/Exercicion2TopiRun/.sfdx/tools/testresults/apex/test-result.txt
txt     /home/henrique/Documentos/GitHub/Exercicion2TopiRun/.sfdx/tools/testresults/apex/test-run-id.txt
junit   /home/henrique/Documentos/GitHub/Exercicion2TopiRun/.sfdx/tools/testresults/apex/test-result-7074x000005ushN-junit.xml
json    /home/henrique/Documentos/GitHub/Exercicion2TopiRun/.sfdx/tools/testresults/apex/test-result-7074x000005ushN.json

=== Test Results
TEST NAME                                                                                                               OUTCOME  MESSAGE                                                                                                                                          RUNTIME (MS)
──────────────────────────────────────────────────────────────────────────────────────────────────────────────────────  ───────  ───────────────────────────────────────────────────────────────────────────────────────────────────────────────────────────────────────────────  ────────────
FilterIntegrationProjectsTest.givenFilterProjectTypeAndStatusWhenStatusIniciadoAndTypeEnterpriseThenReturnModifyObject  Fail     System.AssertException: Assertion Failed: Expected: 2020-12-22 19:28:17, Actual: 2020-12-22 19:28:16                                             284
                                                                                                                                 Class.FilterIntegrationProjectsTest.givenFilterProjectTypeAndStatusWhenStatusIniciadoAndTypeEnterpriseThenReturnModifyObject: line 23, column 1

=== Failures
FULLNAME                                                                                                                MESSAGE
──────────────────────────────────────────────────────────────────────────────────────────────────────────────────────  ──────────────────────────────────────────────────────────────────────────────────────────────────────
FilterIntegrationProjectsTest.givenFilterProjectTypeAndStatusWhenStatusIniciadoAndTypeEnterpriseThenReturnModifyObject  System.AssertException: Assertion Failed: Expected: 2020-12-22 19:28:17, Actual: 2020-12-22 19:28:16
                                                                                                                        /home/henrique/Documentos/GitHub/Exercicion2TopiRun/src/classes/FilterIntegrationProjectsTest.cls:23:1

=== Test Summary
NAME                 VALUE
───────────────────  ────────────────────────────────────────────────────
Outcome              Failed
Tests Ran            1
Passing              0
Failing              1
Skipped              0
Pass Rate            0%
Fail Rate            100%
Test Start Time      Dec 22, 2020 4:28 PM
Test Execution Time  284 ms
Test Total Time      284 ms
Command Time         5689 ms
Hostname             https://mindful-fox-nzaknp-dev-ed.my.salesforce.com
Org Id               00D4x00000312ujEAA
Username             henrique_nitatori@mindful-fox-nzaknp.com
Test Run Id          7074x000005ushN
User Id              0054x0000027d4KAAQ

